<?xml version="1.0" encoding="UTF-8"?>
<!-- Generated by org.testng.reporters.JUnitReportReporter -->
<testsuite hostname="EC2AMAZ-S11DBRH" failures="1" tests="2" name="runners.SampleRunner" time="10.365" errors="0" timestamp="2023-12-01T14:03:40 GMT" skipped="0">
  <testcase classname="runners.SampleRunner" name="runScenario" time="5.688">
    <failure message="expected [Selenium Tutorial - Google Search page] but found [Selenium Tutorial - Google Search]" type="java.lang.AssertionError">
      <![CDATA[java.lang.AssertionError: expected [Selenium Tutorial - Google Search page] but found [Selenium Tutorial - Google Search]
at org.testng.Assert.fail(Assert.java:99)
at org.testng.Assert.failNotEquals(Assert.java:1037)
at org.testng.Assert.assertEqualsImpl(Assert.java:140)
at org.testng.Assert.assertEquals(Assert.java:122)
at org.testng.Assert.assertEquals(Assert.java:629)
at org.testng.Assert.assertEquals(Assert.java:639)
at stepDefs.GooglePageStepDef.should_display_selenium_result_page(GooglePageStepDef.java:43)
at âœ½.Should display Selenium Result Page(file:///C:/Users/Administrator/eclipse-workspace/BDDSample/src/test/resources/features/GoogleSearchPage.feature:13)
]]>
    </failure>
  </testcase> <!-- runScenario -->
  <system-out/>
  <testcase classname="runners.SampleRunner" name="runScenario" time="4.677"/>
  <system-out/>
</testsuite> <!-- runners.SampleRunner -->
